<styles>
  <style Nameformat="Engineering">Engineering</style>
</styles>